2022-04-19 22:10:44,019:INFO:discord.client: logging in using static token
2022-04-19 22:10:44,498:INFO:discord.gateway: Shard ID None has sent the IDENTIFY payload.
2022-04-19 22:10:44,684:INFO:discord.gateway: Shard ID None has connected to Gateway: ["gateway-prd-main-gp3z",{"micros":67886,"calls":["discord-sessions-blue-prd-2-169",{"micros":65306,"calls":["start_session",{"micros":55015,"calls":["discord-api-76fd856c74-6c9lt",{"micros":47466,"calls":["get_user",{"micros":12475},"add_authorized_ip",{"micros":2226},"get_guilds",{"micros":3729},"coros_wait",{"micros":2}]}]},"guilds_connect",{"micros":1,"calls":[]},"presence_connect",{"micros":6279,"calls":[]}]}]}] (Session ID: bcd6521b866d2e44afac1203e6ddc63f).
2022-04-19 22:10:46,699:INFO:root: CaveMC#5504 has connected to [<Guild id=844208848121495572 name='CaveMC.net' shard_id=0 chunked=False member_count=96>] !
2022-04-19 22:12:55,169:INFO:discord.client: logging in using static token
2022-04-19 22:12:55,657:INFO:discord.gateway: Shard ID None has sent the IDENTIFY payload.
2022-04-19 22:12:55,887:INFO:discord.gateway: Shard ID None has connected to Gateway: ["gateway-prd-main-8703",{"micros":107264,"calls":["discord-sessions-blue-prd-2-37",{"micros":105808,"calls":["start_session",{"micros":82226,"calls":["discord-api-76fd856c74-9gpvt",{"micros":75672,"calls":["get_user",{"micros":14536},"add_authorized_ip",{"micros":5534},"get_guilds",{"micros":5264},"coros_wait",{"micros":3}]}]},"guilds_connect",{"micros":1,"calls":[]},"presence_connect",{"micros":15356,"calls":[]}]}]}] (Session ID: 1836dd63ec07a69743132e56adb31009).
2022-04-19 22:12:57,901:INFO:root: CaveMC#5504 has connected to [<Guild id=844208848121495572 name='CaveMC.net' shard_id=0 chunked=False member_count=96>] !
2022-04-19 22:13:16,636:INFO:discord.client: logging in using static token
2022-04-19 22:13:17,129:INFO:discord.gateway: Shard ID None has sent the IDENTIFY payload.
2022-04-19 22:13:17,387:INFO:discord.gateway: Shard ID None has connected to Gateway: ["gateway-prd-main-5nk4",{"micros":90257,"calls":["discord-sessions-blue-prd-2-168",{"micros":84651,"calls":["start_session",{"micros":58132,"calls":["discord-api-76fd856c74-r2jjg",{"micros":50030,"calls":["get_user",{"micros":9052},"add_authorized_ip",{"micros":4215},"get_guilds",{"micros":5171},"coros_wait",{"micros":4}]}]},"guilds_connect",{"micros":1,"calls":[]},"presence_connect",{"micros":25990,"calls":[]}]}]}] (Session ID: 2680e956e319d8c86c3ee20988e73dbd).
2022-04-19 22:13:19,400:INFO:cavemcbot: CaveMC#5504 has connected to [<Guild id=844208848121495572 name='CaveMC.net' shard_id=0 chunked=False member_count=96>] !
2022-04-19 22:32:55,120:INFO:discord.client: Got a request to RESUME the websocket.
2022-04-19 22:32:55,391:INFO:discord.gateway: Shard ID None has sent the RESUME payload.
2022-04-19 22:32:55,515:INFO:discord.gateway: Shard ID None has successfully RESUMED session 2680e956e319d8c86c3ee20988e73dbd under trace ["gateway-prd-main-7r7d",{"micros":625,"calls":["discord-sessions-blue-prd-2-168",{"micros":22}]}].
2022-04-20 00:34:18,245:INFO:discord.client: Got a request to RESUME the websocket.
2022-04-20 00:34:18,541:INFO:discord.gateway: Shard ID None has sent the RESUME payload.
2022-04-20 00:34:18,678:INFO:discord.gateway: Shard ID None has successfully RESUMED session 2680e956e319d8c86c3ee20988e73dbd under trace ["gateway-prd-main-d0p3",{"micros":4185,"calls":["discord-sessions-blue-prd-2-168",{"micros":18}]}].
2022-04-20 03:12:10,391:INFO:discord.client: Got a request to RESUME the websocket.
2022-04-20 03:12:10,666:INFO:discord.gateway: Shard ID None has sent the RESUME payload.
2022-04-20 03:12:10,789:INFO:discord.gateway: Shard ID None has successfully RESUMED session 2680e956e319d8c86c3ee20988e73dbd under trace ["gateway-prd-main-wgk4",{"micros":5313,"calls":["discord-sessions-blue-prd-2-168",{"micros":23}]}].
2022-04-20 04:10:22,534:INFO:discord.client: Got a request to RESUME the websocket.
2022-04-20 04:10:22,813:INFO:discord.gateway: Shard ID None has sent the RESUME payload.
2022-04-20 04:10:22,936:INFO:discord.gateway: Shard ID None has successfully RESUMED session 2680e956e319d8c86c3ee20988e73dbd under trace ["gateway-prd-main-t652",{"micros":553,"calls":["discord-sessions-blue-prd-2-168",{"micros":23}]}].
2022-04-20 05:57:13,309:INFO:discord.client: Got a request to RESUME the websocket.
2022-04-20 05:57:13,590:INFO:discord.gateway: Shard ID None has sent the RESUME payload.
2022-04-20 05:57:13,707:INFO:discord.gateway: Shard ID None has successfully RESUMED session 2680e956e319d8c86c3ee20988e73dbd under trace ["gateway-prd-main-zvf8",{"micros":539,"calls":["discord-sessions-blue-prd-2-168",{"micros":16}]}].
2022-04-20 09:55:09,663:INFO:discord.client: Got a request to RESUME the websocket.
2022-04-20 09:55:09,942:INFO:discord.gateway: Shard ID None has sent the RESUME payload.
2022-04-20 09:55:10,060:INFO:discord.gateway: Shard ID None has successfully RESUMED session 2680e956e319d8c86c3ee20988e73dbd under trace ["gateway-prd-main-mqjt",{"micros":433,"calls":["discord-sessions-blue-prd-2-168",{"micros":16}]}].
2022-04-20 11:24:17,386:INFO:discord.client: logging in using static token
2022-04-20 11:24:17,979:INFO:discord.gateway: Shard ID None has sent the IDENTIFY payload.
2022-04-20 11:24:18,149:INFO:discord.gateway: Shard ID None has connected to Gateway: ["gateway-prd-main-xjkr",{"micros":46332,"calls":["discord-sessions-blue-prd-2-28",{"micros":45574,"calls":["start_session",{"micros":35400,"calls":["discord-api-f6478d7c8-kqw22",{"micros":32045,"calls":["get_user",{"micros":5141},"add_authorized_ip",{"micros":2837},"get_guilds",{"micros":4318},"coros_wait",{"micros":2}]}]},"guilds_connect",{"micros":1,"calls":[]},"presence_connect",{"micros":0,"calls":[]}]}]}] (Session ID: 900ba6d02b8a9cc3d957f10def550ffb).
2022-04-20 11:24:20,169:INFO:application: CaveMC#5504 has connected to [<Guild id=844208848121495572 name='CaveMC.net' shard_id=0 chunked=False member_count=97>]
2022-04-20 11:32:14,912:INFO:discord.client: logging in using static token
2022-04-20 11:32:15,374:INFO:discord.gateway: Shard ID None has sent the IDENTIFY payload.
2022-04-20 11:32:15,608:INFO:discord.gateway: Shard ID None has connected to Gateway: ["gateway-prd-main-t1q7",{"micros":107070,"calls":["discord-sessions-blue-prd-2-110",{"micros":103942,"calls":["start_session",{"micros":49523,"calls":["discord-api-f6478d7c8-gkqjg",{"micros":44862,"calls":["get_user",{"micros":9558},"add_authorized_ip",{"micros":3033},"get_guilds",{"micros":5914},"coros_wait",{"micros":3}]}]},"guilds_connect",{"micros":1,"calls":[]},"presence_connect",{"micros":1,"calls":[]}]}]}] (Session ID: 6a518b2dff3700f127ee93b1896809b6).
2022-04-20 11:32:17,629:INFO:application: CaveMC#5504 has connected to [<Guild id=844208848121495572 name='CaveMC.net' shard_id=0 chunked=False member_count=97>]
2022-04-20 11:32:28,994:INFO:application: Paulus has used /ankï¿½ndigung: text=asf, Channel=global
2022-04-20 11:57:15,916:INFO:discord.client: logging in using static token
2022-04-20 11:57:16,344:INFO:discord.gateway: Shard ID None has sent the IDENTIFY payload.
2022-04-20 11:57:16,517:INFO:discord.gateway: Shard ID None has connected to Gateway: ["gateway-prd-main-6q1l",{"micros":53603,"calls":["discord-sessions-blue-prd-2-61",{"micros":52296,"calls":["start_session",{"micros":47493,"calls":["discord-api-f6478d7c8-mm2xs",{"micros":43263,"calls":["get_user",{"micros":6229},"add_authorized_ip",{"micros":2773},"get_guilds",{"micros":3389},"coros_wait",{"micros":2}]}]},"guilds_connect",{"micros":2,"calls":[]},"presence_connect",{"micros":3943,"calls":[]}]}]}] (Session ID: 6c432dd61bdeeab637658ad3a77cad81).
2022-04-20 11:57:18,522:INFO:application: CaveMC#5504 has connected to [<Guild id=844208848121495572 name='CaveMC.net' shard_id=0 chunked=False member_count=97>]
2022-04-20 11:58:13,286:INFO:application: Paulus has used /moin
2022-04-20 12:04:59,543:INFO:discord.client: logging in using static token
2022-04-20 12:05:00,028:INFO:discord.gateway: Shard ID None has sent the IDENTIFY payload.
2022-04-20 12:05:00,322:INFO:discord.gateway: Shard ID None has connected to Gateway: ["gateway-prd-main-09kz",{"micros":170612,"calls":["discord-sessions-blue-prd-2-124",{"micros":169407,"calls":["start_session",{"micros":150981,"calls":["discord-api-f6478d7c8-75zct",{"micros":136422,"calls":["get_user",{"micros":30681},"add_authorized_ip",{"micros":7999},"get_guilds",{"micros":12021},"coros_wait",{"micros":3}]}]},"guilds_connect",{"micros":2,"calls":[]},"presence_connect",{"micros":17653,"calls":[]}]}]}] (Session ID: 3691ea7fe37c90c6ee56752343b0f895).
2022-04-20 12:05:02,349:INFO:application: CaveMC#5504 has connected to [<Guild id=844208848121495572 name='CaveMC.net' shard_id=0 chunked=False member_count=97>]
2022-04-20 12:13:51,307:INFO:application: Paulus has used /moin
2022-04-20 12:16:11,180:INFO:discord.client: logging in using static token
2022-04-20 12:16:11,676:INFO:discord.gateway: Shard ID None has sent the IDENTIFY payload.
2022-04-20 12:16:12,067:INFO:discord.gateway: Shard ID None has connected to Gateway: ["gateway-prd-main-4j42",{"micros":270965,"calls":["discord-sessions-blue-prd-2-50",{"micros":269595,"calls":["start_session",{"micros":224950,"calls":["discord-api-f6478d7c8-x7lmh",{"micros":219568,"calls":["get_user",{"micros":48481},"add_authorized_ip",{"micros":10055},"get_guilds",{"micros":28025},"coros_wait",{"micros":3}]}]},"guilds_connect",{"micros":1,"calls":[]},"presence_connect",{"micros":28586,"calls":[]}]}]}] (Session ID: 86f34109b0e8414ea0e29fc62d1b3963).
2022-04-20 12:16:14,092:INFO:application: CaveMC#5504 has connected to [<Guild id=844208848121495572 name='CaveMC.net' shard_id=0 chunked=False member_count=97>]
2022-04-20 13:26:07,574:INFO:application: CMC | Jimmytastik has used /ankündigung: text=k, Channel=global
2022-04-20 14:59:13,184:INFO:discord.client: logging in using static token
2022-04-20 14:59:13,629:INFO:discord.gateway: Shard ID None has sent the IDENTIFY payload.
2022-04-20 14:59:13,927:INFO:discord.gateway: Shard ID None has connected to Gateway: ["gateway-prd-main-5nk4",{"micros":177173,"calls":["discord-sessions-blue-prd-2-41",{"micros":175924,"calls":["start_session",{"micros":171893,"calls":["discord-api-f6478d7c8-gkqjg",{"micros":160359,"calls":["get_user",{"micros":37063},"add_authorized_ip",{"micros":7624},"get_guilds",{"micros":12927},"coros_wait",{"micros":3}]}]},"guilds_connect",{"micros":16,"calls":[]},"presence_connect",{"micros":0,"calls":[]}]}]}] (Session ID: 42f22512267d02ac505b69bcb4fad5ae).
2022-04-20 14:59:15,951:INFO:application: CaveMC#5504 has connected to [<Guild id=844208848121495572 name='CaveMC.net' shard_id=0 chunked=False member_count=97>]
2022-04-20 22:11:37,417:INFO:discord.client: logging in using static token
2022-04-20 22:11:38,091:INFO:discord.gateway: Shard ID None has sent the IDENTIFY payload.
2022-04-20 22:11:38,341:INFO:discord.gateway: Shard ID None has connected to Gateway: ["gateway-prd-main-p0xk",{"micros":131642,"calls":["discord-sessions-blue-prd-2-112",{"micros":130237,"calls":["start_session",{"micros":88242,"calls":["discord-api-748d746b94-6gnzg",{"micros":77637,"calls":["get_user",{"micros":11597},"add_authorized_ip",{"micros":4278},"get_guilds",{"micros":10799},"coros_wait",{"micros":4}]}]},"guilds_connect",{"micros":1,"calls":[]},"presence_connect",{"micros":23984,"calls":[]}]}]}] (Session ID: dcf54de8c53d84ce86b84eeb5b5aa8a3).
2022-04-20 22:11:40,343:INFO:application: CaveMC#5504 has connected to [<Guild id=844208848121495572 name='CaveMC.net' shard_id=0 chunked=False member_count=98>]
2022-04-20 23:14:53,997:INFO:discord.gateway: Websocket closed with 1001, attempting a reconnect.
2022-04-20 23:14:53,998:INFO:discord.client: Got a request to RESUME the websocket.
2022-04-20 23:14:54,290:INFO:discord.gateway: Shard ID None has sent the RESUME payload.
2022-04-20 23:14:54,421:INFO:discord.gateway: Shard ID None has successfully RESUMED session dcf54de8c53d84ce86b84eeb5b5aa8a3 under trace ["gateway-prd-main-t8ch",{"micros":11073,"calls":["discord-sessions-blue-prd-2-112",{"micros":21}]}].
2022-04-21 01:49:03,155:INFO:discord.client: Got a request to RESUME the websocket.
2022-04-21 01:49:03,434:INFO:discord.gateway: Shard ID None has sent the RESUME payload.
2022-04-21 01:49:03,553:INFO:discord.gateway: Shard ID None has successfully RESUMED session dcf54de8c53d84ce86b84eeb5b5aa8a3 under trace ["gateway-prd-main-9czr",{"micros":648,"calls":["discord-sessions-blue-prd-2-112",{"micros":21}]}].
2022-04-21 02:57:00,468:INFO:discord.client: Got a request to RESUME the websocket.
2022-04-21 02:57:00,743:INFO:discord.gateway: Shard ID None has sent the RESUME payload.
2022-04-21 02:57:00,860:INFO:discord.gateway: Shard ID None has successfully RESUMED session dcf54de8c53d84ce86b84eeb5b5aa8a3 under trace ["gateway-prd-main-0h48",{"micros":579,"calls":["discord-sessions-blue-prd-2-112",{"micros":17}]}].
2022-04-21 04:24:48,275:INFO:discord.client: Got a request to RESUME the websocket.
2022-04-21 04:24:48,540:INFO:discord.gateway: Shard ID None has sent the RESUME payload.
2022-04-21 04:24:48,658:INFO:discord.gateway: Shard ID None has successfully RESUMED session dcf54de8c53d84ce86b84eeb5b5aa8a3 under trace ["gateway-prd-main-klrm",{"micros":669,"calls":["discord-sessions-blue-prd-2-112",{"micros":20}]}].
2022-04-21 05:01:33,975:INFO:discord.client: Got a request to RESUME the websocket.
2022-04-21 05:01:34,249:INFO:discord.gateway: Shard ID None has sent the RESUME payload.
2022-04-21 05:01:34,367:INFO:discord.gateway: Shard ID None has successfully RESUMED session dcf54de8c53d84ce86b84eeb5b5aa8a3 under trace ["gateway-prd-main-b5fx",{"micros":563,"calls":["discord-sessions-blue-prd-2-112",{"micros":22}]}].
2022-04-21 06:37:07,338:INFO:discord.client: Got a request to RESUME the websocket.
2022-04-21 06:37:07,599:INFO:discord.gateway: Shard ID None has sent the RESUME payload.
2022-04-21 06:37:07,718:INFO:discord.gateway: Shard ID None has successfully RESUMED session dcf54de8c53d84ce86b84eeb5b5aa8a3 under trace ["gateway-prd-main-ds1p",{"micros":2238,"calls":["discord-sessions-blue-prd-2-112",{"micros":20}]}].
2022-04-21 07:16:22,422:INFO:discord.client: Got a request to RESUME the websocket.
2022-04-21 07:16:22,682:INFO:discord.gateway: Shard ID None has sent the RESUME payload.
2022-04-21 07:16:22,799:INFO:discord.gateway: Shard ID None has successfully RESUMED session dcf54de8c53d84ce86b84eeb5b5aa8a3 under trace ["gateway-prd-main-f4qp",{"micros":1002,"calls":["discord-sessions-blue-prd-2-112",{"micros":20}]}].
2022-04-21 08:36:39,649:INFO:discord.client: Got a request to RESUME the websocket.
2022-04-21 08:36:39,926:INFO:discord.gateway: Shard ID None has sent the RESUME payload.
2022-04-21 08:36:40,045:INFO:discord.gateway: Shard ID None has successfully RESUMED session dcf54de8c53d84ce86b84eeb5b5aa8a3 under trace ["gateway-prd-main-ss5t",{"micros":581,"calls":["discord-sessions-blue-prd-2-112",{"micros":16}]}].
2022-04-21 09:53:10,609:INFO:discord.client: Got a request to RESUME the websocket.
2022-04-21 09:53:10,893:INFO:discord.gateway: Shard ID None has sent the RESUME payload.
2022-04-21 09:53:11,012:INFO:discord.gateway: Shard ID None has successfully RESUMED session dcf54de8c53d84ce86b84eeb5b5aa8a3 under trace ["gateway-prd-main-b4mb",{"micros":493,"calls":["discord-sessions-blue-prd-2-112",{"micros":18}]}].
